<?xml version="1.0" encoding="UTF-8"?>
<!-- Generated by org.testng.reporters.JUnitReportReporter -->
<testsuite hostname="Piyush-PC" name="pack1.T7" tests="2" failures="0" timestamp="3 Mar 2018 04:39:39 GMT" time="0.030" errors="0">
  <testcase name="test" time="0.027" classname="pack1.T7"/>
  <testcase name="test2" time="0.003" classname="pack1.T7"/>
</testsuite> <!-- pack1.T7 -->
