<?xml version="1.0" encoding="UTF-8"?>
<!-- Generated by org.testng.reporters.JUnitReportReporter -->
<testsuite hostname="Piyush-PC" name="com.org.LearningMaven.TestMaven.TestGithub" tests="1" failures="0" timestamp="2 Mar 2018 18:14:56 GMT" time="56.087" errors="0">
  <testcase name="testJenkin" time="56.087" classname="com.org.LearningMaven.TestMaven.TestGithub"/>
</testsuite> <!-- com.org.LearningMaven.TestMaven.TestGithub -->
