<?xml version="1.0" encoding="UTF-8"?>
<!-- Generated by org.testng.reporters.JUnitReportReporter -->
<testsuite hostname="Piyush-PC" name="com.org.LearningMaven.TestMaven.TestGithub" tests="1" failures="0" timestamp="17 Feb 2018 08:53:41 GMT" time="13.540" errors="0">
  <testcase name="testJenkin" time="13.540" classname="com.org.LearningMaven.TestMaven.TestGithub"/>
</testsuite> <!-- com.org.LearningMaven.TestMaven.TestGithub -->
