<?xml version="1.0" encoding="UTF-8"?>
<!-- Generated by org.testng.reporters.JUnitReportReporter -->
<testsuite skipped="0" hostname="Piyush-PC" name="com.org.LearningMaven.TestMaven.TestGithub" tests="1" failures="0" timestamp="17 Feb 2018 04:31:35 GMT" time="37.808" errors="0">
  <testcase name="testJenkin" time="37.808" classname="com.org.LearningMaven.TestMaven.TestGithub"/>
</testsuite> <!-- com.org.LearningMaven.TestMaven.TestGithub -->
